This is pdfTeX, Version 3.14159265-2.6-1.40.21 (TeX Live 2020/W32TeX) (preloaded format=pdflatex 2020.10.23)  22 FEB 2022 09:50
entering extended mode
 restricted \write18 enabled.
 %&-line parsing enabled.
**wheeler-cv.tex
(./wheeler-cv.tex
LaTeX2e <2020-10-01> patch level 1
L3 programming layer <2020-10-05> xparse <2020-03-03>
(c:/Users/wwheeler/AppData/Roaming/TinyTeX/texmf-dist/tex/latex/base/article.cl
s
Document Class: article 2020/04/10 v1.4m Standard LaTeX document class

(c:/Users/wwheeler/AppData/Roaming/TinyTeX/texmf-dist/tex/latex/base/size10.clo
File: size10.clo 2020/04/10 v1.4m Standard LaTeX file (size option)
)
\c@part=\count175
\c@section=\count176
\c@subsection=\count177
\c@subsubsection=\count178
\c@paragraph=\count179
\c@subparagraph=\count180
\c@figure=\count181
\c@table=\count182
\abovecaptionskip=\skip47
\belowcaptionskip=\skip48
\bibindent=\dimen138
)
(c:/Users/wwheeler/AppData/Roaming/TinyTeX/texmf-dist/tex/latex/psnfss/mathpazo
.sty
Package: mathpazo 2020/03/25 PSNFSS-v9.3 Palatino w/ Pazo Math (D.Puga, WaS) 
\symupright=\mathgroup4
)
(c:/Users/wwheeler/AppData/Roaming/TinyTeX/texmf-dist/tex/latex/amsfonts/amssym
b.sty
Package: amssymb 2013/01/14 v3.01 AMS font symbols

(c:/Users/wwheeler/AppData/Roaming/TinyTeX/texmf-dist/tex/latex/amsfonts/amsfon
ts.sty
Package: amsfonts 2013/01/14 v3.01 Basic AMSFonts support
\@emptytoks=\toks15
\symAMSa=\mathgroup5
\symAMSb=\mathgroup6
LaTeX Font Info:    Redeclaring math symbol \hbar on input line 98.
LaTeX Font Info:    Overwriting math alphabet `\mathfrak' in version `bold'
(Font)                  U/euf/m/n --> U/euf/b/n on input line 106.
))
(c:/Users/wwheeler/AppData/Roaming/TinyTeX/texmf-dist/tex/latex/amsmath/amsmath
.sty
Package: amsmath 2020/09/23 v2.17i AMS math features
\@mathmargin=\skip49
For additional information on amsmath, use the `?' option.

(c:/Users/wwheeler/AppData/Roaming/TinyTeX/texmf-dist/tex/latex/amsmath/amstext
.sty
Package: amstext 2000/06/29 v2.01 AMS text

(c:/Users/wwheeler/AppData/Roaming/TinyTeX/texmf-dist/tex/latex/amsmath/amsgen.
sty
File: amsgen.sty 1999/11/30 v2.0 generic functions
\@emptytoks=\toks16
\ex@=\dimen139
))
(c:/Users/wwheeler/AppData/Roaming/TinyTeX/texmf-dist/tex/latex/amsmath/amsbsy.
sty
Package: amsbsy 1999/11/29 v1.2d Bold Symbols
\pmbraise@=\dimen140
)
(c:/Users/wwheeler/AppData/Roaming/TinyTeX/texmf-dist/tex/latex/amsmath/amsopn.
sty
Package: amsopn 2016/03/08 v2.02 operator names
)
\inf@bad=\count183
LaTeX Info: Redefining \frac on input line 234.
\uproot@=\count184
\leftroot@=\count185
LaTeX Info: Redefining \overline on input line 399.
\classnum@=\count186
\DOTSCASE@=\count187
LaTeX Info: Redefining \ldots on input line 496.
LaTeX Info: Redefining \dots on input line 499.
LaTeX Info: Redefining \cdots on input line 620.
\Mathstrutbox@=\box47
\strutbox@=\box48
\big@size=\dimen141
LaTeX Font Info:    Redeclaring font encoding OML on input line 743.
LaTeX Font Info:    Redeclaring font encoding OMS on input line 744.
\macc@depth=\count188
\c@MaxMatrixCols=\count189
\dotsspace@=\muskip16
\c@parentequation=\count190
\dspbrk@lvl=\count191
\tag@help=\toks17
\row@=\count192
\column@=\count193
\maxfields@=\count194
\andhelp@=\toks18
\eqnshift@=\dimen142
\alignsep@=\dimen143
\tagshift@=\dimen144
\tagwidth@=\dimen145
\totwidth@=\dimen146
\lineht@=\dimen147
\@envbody=\toks19
\multlinegap=\skip50
\multlinetaggap=\skip51
\mathdisplay@stack=\toks20
LaTeX Info: Redefining \[ on input line 2923.
LaTeX Info: Redefining \] on input line 2924.
)
(c:/Users/wwheeler/AppData/Roaming/TinyTeX/texmf-dist/tex/generic/iftex/ifxetex
.sty
Package: ifxetex 2019/10/25 v0.7 ifxetex legacy package. Use iftex instead.

(c:/Users/wwheeler/AppData/Roaming/TinyTeX/texmf-dist/tex/generic/iftex/iftex.s
ty
Package: iftex 2020/03/06 v1.0d TeX engine tests
))
(c:/Users/wwheeler/AppData/Roaming/TinyTeX/texmf-dist/tex/generic/iftex/ifluate
x.sty
Package: ifluatex 2019/10/25 v1.5 ifluatex legacy package. Use iftex instead.
)
(c:/Users/wwheeler/AppData/Roaming/TinyTeX/texmf-dist/tex/latex/base/fixltx2e.s
ty
Package: fixltx2e 2016/12/29 v2.1a fixes to LaTeX (obsolete)
Applying: [2015/01/01] Old fixltx2e package on input line 46.

Package fixltx2e Warning: fixltx2e is not required with releases after 2015
(fixltx2e)                All fixes are now in the LaTeX kernel.
(fixltx2e)                See the latexrelease package for details.

Already applied: [0000/00/00] Old fixltx2e package on input line 53.
)
(c:/Users/wwheeler/AppData/Roaming/TinyTeX/texmf-dist/tex/latex/base/fontenc.st
y
Package: fontenc 2020/08/10 v2.0s Standard LaTeX package
LaTeX Font Info:    Trying to load font information for T1+pplj on input line 1
12.

(c:/Users/wwheeler/AppData/Roaming/TinyTeX/texmf-dist/tex/latex/psnfss/t1pplj.f
d
File: t1pplj.fd 2004/09/06 font definitions for T1/pplj.
))
(c:/Users/wwheeler/AppData/Roaming/TinyTeX/texmf-dist/tex/latex/base/inputenc.s
ty
Package: inputenc 2020/08/01 v1.3d Input encoding file
\inpenc@prehook=\toks21
\inpenc@posthook=\toks22
)
(c:/Users/wwheeler/AppData/Roaming/TinyTeX/texmf-dist/tex/latex/geometry/geomet
ry.sty
Package: geometry 2020/01/02 v5.9 Page Geometry

(c:/Users/wwheeler/AppData/Roaming/TinyTeX/texmf-dist/tex/latex/graphics/keyval
.sty
Package: keyval 2014/10/28 v1.15 key=value parser (DPC)
\KV@toks@=\toks23
)
(c:/Users/wwheeler/AppData/Roaming/TinyTeX/texmf-dist/tex/generic/iftex/ifvtex.
sty
Package: ifvtex 2019/10/25 v1.7 ifvtex legacy package. Use iftex instead.
)
\Gm@cnth=\count195
\Gm@cntv=\count196
\c@Gm@tempcnt=\count197
\Gm@bindingoffset=\dimen148
\Gm@wd@mp=\dimen149
\Gm@odd@mp=\dimen150
\Gm@even@mp=\dimen151
\Gm@layoutwidth=\dimen152
\Gm@layoutheight=\dimen153
\Gm@layouthoffset=\dimen154
\Gm@layoutvoffset=\dimen155
\Gm@dimlist=\toks24
)
(c:/Users/wwheeler/AppData/Roaming/TinyTeX/texmf-dist/tex/latex/sectsty/sectsty
.sty
Package: sectsty 2002/02/25 v2.0.2 Commands to change all sectional heading sty
les

LaTeX Warning: Command \underbar  has changed.
               Check if current package is valid.


LaTeX Warning: Command \underline  has changed.
               Check if current package is valid.

)
(c:/Users/wwheeler/AppData/Roaming/TinyTeX/texmf-dist/tex/latex/parskip/parskip
.sty
Package: parskip 2020-06-15 v2.0f non-zero parskip adjustments

(c:/Users/wwheeler/AppData/Roaming/TinyTeX/texmf-dist/tex/latex/kvoptions/kvopt
ions.sty
Package: kvoptions 2020-10-07 v3.14 Key value format for package options (HO)

(c:/Users/wwheeler/AppData/Roaming/TinyTeX/texmf-dist/tex/generic/ltxcmds/ltxcm
ds.sty
Package: ltxcmds 2020-05-10 v1.25 LaTeX kernel commands for general use (HO)
)
(c:/Users/wwheeler/AppData/Roaming/TinyTeX/texmf-dist/tex/generic/kvsetkeys/kvs
etkeys.sty
Package: kvsetkeys 2019/12/15 v1.18 Key value parser (HO)
))
(c:/Users/wwheeler/AppData/Roaming/TinyTeX/texmf-dist/tex/latex/etoolbox/etoolb
ox.sty
Package: etoolbox 2020/10/05 v2.5k e-TeX tools for LaTeX (JAW)
\etb@tempcnta=\count198
))
(c:/Users/wwheeler/AppData/Roaming/TinyTeX/texmf-dist/tex/latex/titlesec/titles
ec.sty
Package: titlesec 2019/10/16 v2.13 Sectioning titles
\ttl@box=\box49
\beforetitleunit=\skip52
\aftertitleunit=\skip53
\ttl@plus=\dimen156
\ttl@minus=\dimen157
\ttl@toksa=\toks25
\titlewidth=\dimen158
\titlewidthlast=\dimen159
\titlewidthfirst=\dimen160
)
(c:/Users/wwheeler/AppData/Roaming/TinyTeX/texmf-dist/tex/latex/fontawesome/fon
tawesome.sty
Package: fontawesome 2016/05/15 v4.6.3.1 font awesome icons

(c:/Users/wwheeler/AppData/Roaming/TinyTeX/texmf-dist/tex/latex/fontawesome/fon
tawesomesymbols-generic.tex)
(c:/Users/wwheeler/AppData/Roaming/TinyTeX/texmf-dist/tex/latex/fontawesome/fon
tawesomesymbols-pdftex.tex))
(c:/Users/wwheeler/AppData/Roaming/TinyTeX/texmf-dist/tex/latex/fancyhdr/fancyh
dr.sty
Package: fancyhdr 2019/01/31 v3.10 Extensive control of page headers and footer
s
\f@nch@headwidth=\skip54
\f@nch@O@elh=\skip55
\f@nch@O@erh=\skip56
\f@nch@O@olh=\skip57
\f@nch@O@orh=\skip58
\f@nch@O@elf=\skip59
\f@nch@O@erf=\skip60
\f@nch@O@olf=\skip61
\f@nch@O@orf=\skip62
)
(c:/Users/wwheeler/AppData/Roaming/TinyTeX/texmf-dist/tex/latex/lastpage/lastpa
ge.sty
Package: lastpage 2015/03/29 v1.2m Refers to last page's name (HMM; JPG)
)
(c:/Users/wwheeler/AppData/Roaming/TinyTeX/texmf-dist/tex/latex/hyperref/hyperr
ef.sty
Package: hyperref 2020-05-15 v7.00e Hypertext links for LaTeX

(c:/Users/wwheeler/AppData/Roaming/TinyTeX/texmf-dist/tex/generic/pdftexcmds/pd
ftexcmds.sty
Package: pdftexcmds 2020-06-27 v0.33 Utility functions of pdfTeX for LuaTeX (HO
)

(c:/Users/wwheeler/AppData/Roaming/TinyTeX/texmf-dist/tex/generic/infwarerr/inf
warerr.sty
Package: infwarerr 2019/12/03 v1.5 Providing info/warning/error messages (HO)
)
Package pdftexcmds Info: \pdf@primitive is available.
Package pdftexcmds Info: \pdf@ifprimitive is available.
Package pdftexcmds Info: \pdfdraftmode found.
)
(c:/Users/wwheeler/AppData/Roaming/TinyTeX/texmf-dist/tex/generic/kvdefinekeys/
kvdefinekeys.sty
Package: kvdefinekeys 2019-12-19 v1.6 Define keys (HO)
)
(c:/Users/wwheeler/AppData/Roaming/TinyTeX/texmf-dist/tex/generic/pdfescape/pdf
escape.sty
Package: pdfescape 2019/12/09 v1.15 Implements pdfTeX's escape features (HO)
)
(c:/Users/wwheeler/AppData/Roaming/TinyTeX/texmf-dist/tex/latex/hycolor/hycolor
.sty
Package: hycolor 2020-01-27 v1.10 Color options for hyperref/bookmark (HO)
)
(c:/Users/wwheeler/AppData/Roaming/TinyTeX/texmf-dist/tex/latex/letltxmacro/let
ltxmacro.sty
Package: letltxmacro 2019/12/03 v1.6 Let assignment for LaTeX macros (HO)
)
(c:/Users/wwheeler/AppData/Roaming/TinyTeX/texmf-dist/tex/latex/auxhook/auxhook
.sty
Package: auxhook 2019-12-17 v1.6 Hooks for auxiliary files (HO)
)
\@linkdim=\dimen161
\Hy@linkcounter=\count199
\Hy@pagecounter=\count266

(c:/Users/wwheeler/AppData/Roaming/TinyTeX/texmf-dist/tex/latex/hyperref/pd1enc
.def
File: pd1enc.def 2020-05-15 v7.00e Hyperref: PDFDocEncoding definition (HO)
Now handling font encoding PD1 ...
... no UTF-8 mapping file for font encoding PD1
)
(c:/Users/wwheeler/AppData/Roaming/TinyTeX/texmf-dist/tex/generic/intcalc/intca
lc.sty
Package: intcalc 2019/12/15 v1.3 Expandable calculations with integers (HO)
)
(c:/Users/wwheeler/AppData/Roaming/TinyTeX/texmf-dist/tex/generic/etexcmds/etex
cmds.sty
Package: etexcmds 2019/12/15 v1.7 Avoid name clashes with e-TeX commands (HO)
)
\Hy@SavedSpaceFactor=\count267
Package hyperref Info: Hyper figures OFF on input line 4464.
Package hyperref Info: Link nesting OFF on input line 4469.
Package hyperref Info: Hyper index ON on input line 4472.
Package hyperref Info: Plain pages OFF on input line 4479.
Package hyperref Info: Backreferencing OFF on input line 4484.
Package hyperref Info: Implicit mode ON; LaTeX internals redefined.
Package hyperref Info: Bookmarks ON on input line 4717.
\c@Hy@tempcnt=\count268
(c:/Users/wwheeler/AppData/Roaming/TinyTeX/texmf-dist/tex/latex/url/url.sty
\Urlmuskip=\muskip17
Package: url 2013/09/16  ver 3.4  Verb mode for urls, etc.
)
LaTeX Info: Redefining \url on input line 5076.
\XeTeXLinkMargin=\dimen162

(c:/Users/wwheeler/AppData/Roaming/TinyTeX/texmf-dist/tex/generic/bitset/bitset
.sty
Package: bitset 2019/12/09 v1.3 Handle bit-vector datatype (HO)

(c:/Users/wwheeler/AppData/Roaming/TinyTeX/texmf-dist/tex/generic/bigintcalc/bi
gintcalc.sty
Package: bigintcalc 2019/12/15 v1.5 Expandable calculations on big integers (HO
)
))
\Fld@menulength=\count269
\Field@Width=\dimen163
\Fld@charsize=\dimen164
Package hyperref Info: Hyper figures OFF on input line 6347.
Package hyperref Info: Link nesting OFF on input line 6352.
Package hyperref Info: Hyper index ON on input line 6355.
Package hyperref Info: backreferencing OFF on input line 6362.
Package hyperref Info: Link coloring OFF on input line 6367.
Package hyperref Info: Link coloring with OCG OFF on input line 6372.
Package hyperref Info: PDF/A mode OFF on input line 6377.
LaTeX Info: Redefining \ref on input line 6417.
LaTeX Info: Redefining \pageref on input line 6421.

(c:/Users/wwheeler/AppData/Roaming/TinyTeX/texmf-dist/tex/latex/base/atbegshi-l
tx.sty
Package: atbegshi-ltx 2020/08/17 v1.0a Emulation of the original atbegshi packa
ge
with kernel methods
)
\Hy@abspage=\count270
\c@Item=\count271
\c@Hfootnote=\count272
)
Package hyperref Info: Driver (autodetected): hpdftex.

(c:/Users/wwheeler/AppData/Roaming/TinyTeX/texmf-dist/tex/latex/hyperref/hpdfte
x.def
File: hpdftex.def 2020-05-15 v7.00e Hyperref driver for pdfTeX

(c:/Users/wwheeler/AppData/Roaming/TinyTeX/texmf-dist/tex/latex/base/atveryend-
ltx.sty
Package: atveryend-ltx 2020/08/19 v1.0a Emulation of the original atvery packag
e
with kernel methods
)
\Fld@listcount=\count273
\c@bookmark@seq@number=\count274

(c:/Users/wwheeler/AppData/Roaming/TinyTeX/texmf-dist/tex/latex/rerunfilecheck/
rerunfilecheck.sty
Package: rerunfilecheck 2019/12/05 v1.9 Rerun checks for auxiliary files (HO)

(c:/Users/wwheeler/AppData/Roaming/TinyTeX/texmf-dist/tex/generic/uniquecounter
/uniquecounter.sty
Package: uniquecounter 2019/12/15 v1.4 Provide unlimited unique counter (HO)
)
Package uniquecounter Info: New unique counter `rerunfilecheck' on input line 2
86.
)
\Hy@SectionHShift=\skip63
)
Package hyperref Info: Option `unicode' set `true' on input line 96.

(c:/Users/wwheeler/AppData/Roaming/TinyTeX/texmf-dist/tex/latex/hyperref/puenc.
def
File: puenc.def 2020-05-15 v7.00e Hyperref: PDF Unicode definition (HO)
Now handling font encoding PU ...
... no UTF-8 mapping file for font encoding PU
)
Package hyperref Info: Option `colorlinks' set `true' on input line 96.
Package hyperref Info: Option `breaklinks' set `true' on input line 96.

Package hyperref Warning: Option `bookmarks' has already been used,
(hyperref)                setting the option has no effect on input line 96.


(c:/Users/wwheeler/AppData/Roaming/TinyTeX/texmf-dist/tex/latex/l3backend/l3bac
kend-pdftex.def
File: l3backend-pdftex.def 2020-09-24 L3 backend support: PDF output (pdfTeX)
\l__kernel_color_stack_int=\count275
\l__pdf_internal_box=\box50
) (./wheeler-cv.aux)
\openout1 = `wheeler-cv.aux'.

LaTeX Font Info:    Checking defaults for OML/cmm/m/it on input line 99.
LaTeX Font Info:    ... okay on input line 99.
LaTeX Font Info:    Checking defaults for OMS/cmsy/m/n on input line 99.
LaTeX Font Info:    ... okay on input line 99.
LaTeX Font Info:    Checking defaults for OT1/cmr/m/n on input line 99.
LaTeX Font Info:    ... okay on input line 99.
LaTeX Font Info:    Checking defaults for T1/cmr/m/n on input line 99.
LaTeX Font Info:    ... okay on input line 99.
LaTeX Font Info:    Checking defaults for TS1/cmr/m/n on input line 99.
LaTeX Font Info:    ... okay on input line 99.
LaTeX Font Info:    Checking defaults for OMX/cmex/m/n on input line 99.
LaTeX Font Info:    ... okay on input line 99.
LaTeX Font Info:    Checking defaults for U/cmr/m/n on input line 99.
LaTeX Font Info:    ... okay on input line 99.
LaTeX Font Info:    Checking defaults for PD1/pdf/m/n on input line 99.
LaTeX Font Info:    ... okay on input line 99.
LaTeX Font Info:    Checking defaults for PU/pdf/m/n on input line 99.
LaTeX Font Info:    ... okay on input line 99.
*geometry* driver: auto-detecting
*geometry* detected driver: pdftex
*geometry* verbose mode - [ preamble ] result:
* driver: pdftex
* paper: <default>
* layout: <same size as paper>
* layoutoffset:(h,v)=(0.0pt,0.0pt)
* modes: 
* h-part:(L,W,R)=(72.26999pt, 469.75502pt, 72.26999pt)
* v-part:(T,H,B)=(72.26999pt, 650.43001pt, 72.26999pt)
* \paperwidth=614.295pt
* \paperheight=794.96999pt
* \textwidth=469.75502pt
* \textheight=650.43001pt
* \oddsidemargin=0.0pt
* \evensidemargin=0.0pt
* \topmargin=-37.0pt
* \headheight=12.0pt
* \headsep=25.0pt
* \topskip=10.0pt
* \footskip=30.0pt
* \marginparwidth=65.0pt
* \marginparsep=11.0pt
* \columnsep=10.0pt
* \skip\footins=9.0pt plus 4.0pt minus 2.0pt
* \hoffset=0.0pt
* \voffset=0.0pt
* \mag=1000
* \@twocolumnfalse
* \@twosidefalse
* \@mparswitchfalse
* \@reversemarginfalse
* (1in=72.27pt=25.4mm, 1cm=28.453pt)

Package lastpage Info: Please have a look at the pageslts package at
(lastpage)             https://www.ctan.org/pkg/pageslts
(lastpage)             ! on input line 99.

(c:/Users/wwheeler/AppData/Roaming/TinyTeX/texmf-dist/tex/latex/graphics/color.
sty
Package: color 2020/02/24 v1.2b Standard LaTeX Color (DPC)

(c:/Users/wwheeler/AppData/Roaming/TinyTeX/texmf-dist/tex/latex/graphics-cfg/co
lor.cfg
File: color.cfg 2016/01/02 v1.6 sample color configuration
)
Package color Info: Driver file: pdftex.def on input line 147.

(c:/Users/wwheeler/AppData/Roaming/TinyTeX/texmf-dist/tex/latex/graphics-def/pd
ftex.def
File: pdftex.def 2020/10/05 v1.2a Graphics/color driver for pdftex
)
(c:/Users/wwheeler/AppData/Roaming/TinyTeX/texmf-dist/tex/latex/graphics/dvipsn
am.def
File: dvipsnam.def 2016/06/17 v3.0m Driver-dependent file (DPC,SPQR)
))
Package hyperref Info: Link coloring ON on input line 99.

(c:/Users/wwheeler/AppData/Roaming/TinyTeX/texmf-dist/tex/latex/hyperref/namere
f.sty
Package: nameref 2019/09/16 v2.46 Cross-referencing by name of section

(c:/Users/wwheeler/AppData/Roaming/TinyTeX/texmf-dist/tex/latex/refcount/refcou
nt.sty
Package: refcount 2019/12/15 v3.6 Data extraction from label references (HO)
)
(c:/Users/wwheeler/AppData/Roaming/TinyTeX/texmf-dist/tex/generic/gettitlestrin
g/gettitlestring.sty
Package: gettitlestring 2019/12/15 v1.6 Cleanup title references (HO)
)
\c@section@level=\count276
)
LaTeX Info: Redefining \ref on input line 99.
LaTeX Info: Redefining \pageref on input line 99.
LaTeX Info: Redefining \nameref on input line 99.
(./wheeler-cv.out) (./wheeler-cv.out)
\@outlinefile=\write3
\openout3 = `wheeler-cv.out'.

LaTeX Font Info:    Trying to load font information for TS1+pplj on input line 
111.

(c:/Users/wwheeler/AppData/Roaming/TinyTeX/texmf-dist/tex/latex/psnfss/ts1pplj.
fd
File: ts1pplj.fd 2004/09/06 font definitions for TS1/pplj.
)
LaTeX Font Info:    Trying to load font information for U+fontawesometwo on inp
ut line 112.

(c:/Users/wwheeler/AppData/Roaming/TinyTeX/texmf-dist/tex/latex/fontawesome/ufo
ntawesometwo.fd
File: ufontawesometwo.fd 2016/05/22 Font definitions for U/fontawesometwo.
)
LaTeX Font Info:    Trying to load font information for T1+cmtt on input line 1
12.
(c:/Users/wwheeler/AppData/Roaming/TinyTeX/texmf-dist/tex/latex/base/t1cmtt.fd
File: t1cmtt.fd 2019/12/16 v2.5j Standard LaTeX font definitions
)
LaTeX Font Info:    Trying to load font information for OT1+pplx on input line 
112.

(c:/Users/wwheeler/AppData/Roaming/TinyTeX/texmf-dist/tex/latex/psnfss/ot1pplx.
fd
File: ot1pplx.fd 2004/09/06 font definitions for OT1/pplx.
)
LaTeX Font Info:    Trying to load font information for OML+zplm on input line 
112.

(c:/Users/wwheeler/AppData/Roaming/TinyTeX/texmf-dist/tex/latex/psnfss/omlzplm.
fd
File: omlzplm.fd 2002/09/08 Fontinst v1.914 font definitions for OML/zplm.
)
LaTeX Font Info:    Trying to load font information for OMS+zplm on input line 
112.

(c:/Users/wwheeler/AppData/Roaming/TinyTeX/texmf-dist/tex/latex/psnfss/omszplm.
fd
File: omszplm.fd 2002/09/08 Fontinst v1.914 font definitions for OMS/zplm.
)
LaTeX Font Info:    Trying to load font information for OMX+zplm on input line 
112.

(c:/Users/wwheeler/AppData/Roaming/TinyTeX/texmf-dist/tex/latex/psnfss/omxzplm.
fd
File: omxzplm.fd 2002/09/08 Fontinst v1.914 font definitions for OMX/zplm.
)
LaTeX Font Info:    Trying to load font information for OT1+zplm on input line 
112.

(c:/Users/wwheeler/AppData/Roaming/TinyTeX/texmf-dist/tex/latex/psnfss/ot1zplm.
fd
File: ot1zplm.fd 2002/09/08 Fontinst v1.914 font definitions for OT1/zplm.
)
LaTeX Font Info:    Font shape `U/msa/m/n' will be
(Font)              scaled to size 10.42007pt on input line 112.
LaTeX Font Info:    Font shape `U/msa/m/n' will be
(Font)              scaled to size 7.91925pt on input line 112.
LaTeX Font Info:    Font shape `U/msa/m/n' will be
(Font)              scaled to size 6.25204pt on input line 112.
LaTeX Font Info:    Font shape `U/msb/m/n' will be
(Font)              scaled to size 10.42007pt on input line 112.
LaTeX Font Info:    Font shape `U/msb/m/n' will be
(Font)              scaled to size 7.91925pt on input line 112.
LaTeX Font Info:    Font shape `U/msb/m/n' will be
(Font)              scaled to size 6.25204pt on input line 112.
LaTeX Font Info:    Trying to load font information for U+fontawesomethree on i
nput line 113.

(c:/Users/wwheeler/AppData/Roaming/TinyTeX/texmf-dist/tex/latex/fontawesome/ufo
ntawesomethree.fd
File: ufontawesomethree.fd 2016/05/22 Font definitions for U/fontawesomethree.
) [1

{c:/Users/wwheeler/AppData/Roaming/TinyTeX/texmf-var/fonts/map/pdftex/updmap/pd
ftex.map}]
Underfull \hbox (badness 10000) in paragraph at lines 235--239
[][]$\T1/pplj/m/n/10 https : / / ageconsearch . umn . edu / bitstream / 150725 
/ 2 / Publication % 20Bias % 20in % 20the % 20Hedonic %
 []

[2] [3] 
AED: lastpage setting LastPage
[4] (./wheeler-cv.aux)
Package rerunfilecheck Info: File `wheeler-cv.out' has not changed.
(rerunfilecheck)             Checksum: 04B93F03B3CC9B0F8AFF77643726C87E;1434.
 ) 
Here is how much of TeX's memory you used:
 12274 strings out of 481886
 175989 string characters out of 5930214
 465212 words of memory out of 5000000
 28361 multiletter control sequences out of 15000+600000
 571139 words of font info for 86 fonts, out of 8000000 for 9000
 14 hyphenation exceptions out of 8191
 60i,12n,66p,1199b,360s stack positions out of 5000i,500n,10000p,200000b,80000s
{c:/Users/wwheeler/AppData/Roaming/TinyTeX/texmf-dist/fonts/enc/dvips/base/8r
.enc}{c:/Users/wwheeler/AppData/Roaming/TinyTeX/texmf-dist/fonts/enc/dvips/font
awesome/fontawesomethree.enc} <c:/Users/wwheeler/.texlive2020/texmf-var/fonts/p
k/ljfour/jknappen/ec/ectt1000.600pk>{c:/Users/wwheeler/AppData/Roaming/TinyTeX/
texmf-dist/fonts/enc/dvips/fontawesome/fontawesometwo.enc}<c:/Users/wwheeler/Ap
pData/Roaming/TinyTeX/texmf-dist/fonts/type1/public/fontawesome/FontAwesome.pfb
><c:/Users/wwheeler/AppData/Roaming/TinyTeX/texmf-dist/fonts/type1/public/fpl/f
plrc8a.pfb><c:/Users/wwheeler/AppData/Roaming/TinyTeX/texmf-dist/fonts/type1/ur
w/palatino/uplb8a.pfb><c:/Users/wwheeler/AppData/Roaming/TinyTeX/texmf-dist/fon
ts/type1/urw/palatino/uplbi8a.pfb><c:/Users/wwheeler/AppData/Roaming/TinyTeX/te
xmf-dist/fonts/type1/urw/palatino/uplr8a.pfb><c:/Users/wwheeler/AppData/Roaming
/TinyTeX/texmf-dist/fonts/type1/urw/palatino/uplri8a.pfb>
Output written on wheeler-cv.pdf (4 pages, 107066 bytes).
PDF statistics:
 157 PDF objects out of 1000 (max. 8388607)
 124 compressed objects within 2 object streams
 29 named destinations out of 1000 (max. 500000)
 97 words of extra memory for PDF output out of 10000 (max. 10000000)

